g1
[4](+) 0x6000020f2500 (2)
  [2](+) 0x6000020f2280 (6)
    [0](+) 0x6000020f2180 (26)
    [0](-) 0x6000020f2180 (26) (*)
  [0](-) 0x6000020f2180 (26) (*)

==> Total #BddNodes : 3

g2
[5](-) 0x6000020f2580 (1)
  [3](+) 0x6000020f2300 (5)
    [0](+) 0x6000020f2180 (26)
    [0](-) 0x6000020f2180 (26) (*)
  [0](+) 0x6000020f2180 (26) (*)

==> Total #BddNodes : 3

g3
[2](+) 0x6000020f2600 (5)
  [1](+) 0x6000020f2200 (3)
    [0](+) 0x6000020f2180 (26)
    [0](-) 0x6000020f2180 (26) (*)
  [0](-) 0x6000020f2180 (26) (*)

==> Total #BddNodes : 3

g4
[4](+) 0x6000020f2700 (1)
  [3](+) 0x6000020f2680 (1)
    [2](+) 0x6000020f2280 (6)
      [0](+) 0x6000020f2180 (26)
      [0](-) 0x6000020f2180 (26) (*)
    [0](-) 0x6000020f2180 (26) (*)
  [0](-) 0x6000020f2180 (26) (*)

==> Total #BddNodes : 4

g5
[5](+) 0x6000020f2880 (1)
  [4](+) 0x6000020f2800 (1)
    [3](+) 0x6000020f2780 (1)
      [2](+) 0x6000020f2280 (6)
        [0](+) 0x6000020f2180 (26)
        [0](-) 0x6000020f2180 (26) (*)
      [0](+) 0x6000020f2180 (26) (*)
    [3](-) 0x6000020f2300 (5)
      [0](+) 0x6000020f2180 (26) (*)
      [0](-) 0x6000020f2180 (26) (*)
  [4](+) 0x6000020f2500 (2)
    [2](+) 0x6000020f2280 (6) (*)
    [0](-) 0x6000020f2180 (26) (*)

==> Total #BddNodes : 7

g6
[5](+) 0x6000020f2980 (1)
  [4](+) 0x6000020f2900 (1)
    [0](+) 0x6000020f2180 (26)
    [3](-) 0x6000020f2300 (5)
      [0](+) 0x6000020f2180 (26) (*)
      [0](-) 0x6000020f2180 (26) (*)
  [4](+) 0x6000020f2380 (3)
    [0](+) 0x6000020f2180 (26) (*)
    [0](-) 0x6000020f2180 (26) (*)

==> Total #BddNodes : 5

g7
[5](+) 0x6000020f2b80 (1)
  [4](+) 0x6000020f2a80 (1)
    [2](+) 0x6000020f2600 (5)
      [1](+) 0x6000020f2200 (3)
        [0](+) 0x6000020f2180 (26)
        [0](-) 0x6000020f2180 (26) (*)
      [0](-) 0x6000020f2180 (26) (*)
    [3](-) 0x6000020f2a00 (2)
      [0](+) 0x6000020f2180 (26) (*)
      [2](-) 0x6000020f2600 (5) (*)
  [4](+) 0x6000020f2b00 (1)
    [2](+) 0x6000020f2600 (5) (*)
    [0](-) 0x6000020f2180 (26) (*)

==> Total #BddNodes : 7

g8
[5](+) 0x6000020f2d80 (2)
  [4](+) 0x6000020f2c80 (1)
    [3](+) 0x6000020f2c00 (2)
      [2](+) 0x6000020f2280 (6)
        [0](+) 0x6000020f2180 (26)
        [0](-) 0x6000020f2180 (26) (*)
      [2](+) 0x6000020f2600 (5)
        [1](+) 0x6000020f2200 (3)
          [0](+) 0x6000020f2180 (26) (*)
          [0](-) 0x6000020f2180 (26) (*)
        [0](-) 0x6000020f2180 (26) (*)
    [3](-) 0x6000020f2a00 (2)
      [0](+) 0x6000020f2180 (26) (*)
      [2](-) 0x6000020f2600 (5) (*)
  [4](+) 0x6000020f2d00 (1)
    [3](+) 0x6000020f2c00 (2) (*)
    [0](-) 0x6000020f2180 (26) (*)

==> Total #BddNodes : 9

g9
[6](+) 0x6000020f2e00 (2)
  [5](+) 0x6000020f2d80 (2)
    [4](+) 0x6000020f2c80 (1)
      [3](+) 0x6000020f2c00 (2)
        [2](+) 0x6000020f2280 (6)
          [0](+) 0x6000020f2180 (26)
          [0](-) 0x6000020f2180 (26) (*)
        [2](+) 0x6000020f2600 (5)
          [1](+) 0x6000020f2200 (3)
            [0](+) 0x6000020f2180 (26) (*)
            [0](-) 0x6000020f2180 (26) (*)
          [0](-) 0x6000020f2180 (26) (*)
      [3](-) 0x6000020f2a00 (2)
        [0](+) 0x6000020f2180 (26) (*)
        [2](-) 0x6000020f2600 (5) (*)
    [4](+) 0x6000020f2d00 (1)
      [3](+) 0x6000020f2c00 (2) (*)
      [0](-) 0x6000020f2180 (26) (*)
  [0](-) 0x6000020f2180 (26) (*)

==> Total #BddNodes : 10

g9_
[6](+) 0x6000020f2e00 (2)
  [5](+) 0x6000020f2d80 (2)
    [4](+) 0x6000020f2c80 (1)
      [3](+) 0x6000020f2c00 (2)
        [2](+) 0x6000020f2280 (6)
          [0](+) 0x6000020f2180 (26)
          [0](-) 0x6000020f2180 (26) (*)
        [2](+) 0x6000020f2600 (5)
          [1](+) 0x6000020f2200 (3)
            [0](+) 0x6000020f2180 (26) (*)
            [0](-) 0x6000020f2180 (26) (*)
          [0](-) 0x6000020f2180 (26) (*)
      [3](-) 0x6000020f2a00 (2)
        [0](+) 0x6000020f2180 (26) (*)
        [2](-) 0x6000020f2600 (5) (*)
    [4](+) 0x6000020f2d00 (1)
      [3](+) 0x6000020f2c00 (2) (*)
      [0](-) 0x6000020f2180 (26) (*)
  [0](-) 0x6000020f2180 (26) (*)

==> Total #BddNodes : 10

