g1
[4](+) 0x6000033ee500 (2)
  [2](+) 0x6000033ee280 (6)
    [0](+) 0x6000033ee180 (26)
    [0](-) 0x6000033ee180 (26) (*)
  [0](-) 0x6000033ee180 (26) (*)

==> Total #BddNodes : 3

g2
[5](-) 0x6000033ee580 (1)
  [3](+) 0x6000033ee300 (5)
    [0](+) 0x6000033ee180 (26)
    [0](-) 0x6000033ee180 (26) (*)
  [0](+) 0x6000033ee180 (26) (*)

==> Total #BddNodes : 3

g3
[2](+) 0x6000033ee600 (5)
  [1](+) 0x6000033ee200 (3)
    [0](+) 0x6000033ee180 (26)
    [0](-) 0x6000033ee180 (26) (*)
  [0](-) 0x6000033ee180 (26) (*)

==> Total #BddNodes : 3

g4
[4](+) 0x6000033ee700 (1)
  [3](+) 0x6000033ee680 (1)
    [2](+) 0x6000033ee280 (6)
      [0](+) 0x6000033ee180 (26)
      [0](-) 0x6000033ee180 (26) (*)
    [0](-) 0x6000033ee180 (26) (*)
  [0](-) 0x6000033ee180 (26) (*)

==> Total #BddNodes : 4

g5
[5](+) 0x6000033ee880 (1)
  [4](+) 0x6000033ee800 (1)
    [3](+) 0x6000033ee780 (1)
      [2](+) 0x6000033ee280 (6)
        [0](+) 0x6000033ee180 (26)
        [0](-) 0x6000033ee180 (26) (*)
      [0](+) 0x6000033ee180 (26) (*)
    [3](-) 0x6000033ee300 (5)
      [0](+) 0x6000033ee180 (26) (*)
      [0](-) 0x6000033ee180 (26) (*)
  [4](+) 0x6000033ee500 (2)
    [2](+) 0x6000033ee280 (6) (*)
    [0](-) 0x6000033ee180 (26) (*)

==> Total #BddNodes : 7

g6
[5](+) 0x6000033ee980 (1)
  [4](+) 0x6000033ee900 (1)
    [0](+) 0x6000033ee180 (26)
    [3](-) 0x6000033ee300 (5)
      [0](+) 0x6000033ee180 (26) (*)
      [0](-) 0x6000033ee180 (26) (*)
  [4](+) 0x6000033ee380 (3)
    [0](+) 0x6000033ee180 (26) (*)
    [0](-) 0x6000033ee180 (26) (*)

==> Total #BddNodes : 5

g7
[5](+) 0x6000033eeb80 (1)
  [4](+) 0x6000033eea80 (1)
    [2](+) 0x6000033ee600 (5)
      [1](+) 0x6000033ee200 (3)
        [0](+) 0x6000033ee180 (26)
        [0](-) 0x6000033ee180 (26) (*)
      [0](-) 0x6000033ee180 (26) (*)
    [3](-) 0x6000033eea00 (2)
      [0](+) 0x6000033ee180 (26) (*)
      [2](-) 0x6000033ee600 (5) (*)
  [4](+) 0x6000033eeb00 (1)
    [2](+) 0x6000033ee600 (5) (*)
    [0](-) 0x6000033ee180 (26) (*)

==> Total #BddNodes : 7

g8
[5](+) 0x6000033eed80 (2)
  [4](+) 0x6000033eec80 (1)
    [3](+) 0x6000033eec00 (2)
      [2](+) 0x6000033ee280 (6)
        [0](+) 0x6000033ee180 (26)
        [0](-) 0x6000033ee180 (26) (*)
      [2](+) 0x6000033ee600 (5)
        [1](+) 0x6000033ee200 (3)
          [0](+) 0x6000033ee180 (26) (*)
          [0](-) 0x6000033ee180 (26) (*)
        [0](-) 0x6000033ee180 (26) (*)
    [3](-) 0x6000033eea00 (2)
      [0](+) 0x6000033ee180 (26) (*)
      [2](-) 0x6000033ee600 (5) (*)
  [4](+) 0x6000033eed00 (1)
    [3](+) 0x6000033eec00 (2) (*)
    [0](-) 0x6000033ee180 (26) (*)

==> Total #BddNodes : 9

g9
[6](+) 0x6000033eee00 (2)
  [5](+) 0x6000033eed80 (2)
    [4](+) 0x6000033eec80 (1)
      [3](+) 0x6000033eec00 (2)
        [2](+) 0x6000033ee280 (6)
          [0](+) 0x6000033ee180 (26)
          [0](-) 0x6000033ee180 (26) (*)
        [2](+) 0x6000033ee600 (5)
          [1](+) 0x6000033ee200 (3)
            [0](+) 0x6000033ee180 (26) (*)
            [0](-) 0x6000033ee180 (26) (*)
          [0](-) 0x6000033ee180 (26) (*)
      [3](-) 0x6000033eea00 (2)
        [0](+) 0x6000033ee180 (26) (*)
        [2](-) 0x6000033ee600 (5) (*)
    [4](+) 0x6000033eed00 (1)
      [3](+) 0x6000033eec00 (2) (*)
      [0](-) 0x6000033ee180 (26) (*)
  [0](-) 0x6000033ee180 (26) (*)

==> Total #BddNodes : 10

g9_
[6](+) 0x6000033eee00 (2)
  [5](+) 0x6000033eed80 (2)
    [4](+) 0x6000033eec80 (1)
      [3](+) 0x6000033eec00 (2)
        [2](+) 0x6000033ee280 (6)
          [0](+) 0x6000033ee180 (26)
          [0](-) 0x6000033ee180 (26) (*)
        [2](+) 0x6000033ee600 (5)
          [1](+) 0x6000033ee200 (3)
            [0](+) 0x6000033ee180 (26) (*)
            [0](-) 0x6000033ee180 (26) (*)
          [0](-) 0x6000033ee180 (26) (*)
      [3](-) 0x6000033eea00 (2)
        [0](+) 0x6000033ee180 (26) (*)
        [2](-) 0x6000033ee600 (5) (*)
    [4](+) 0x6000033eed00 (1)
      [3](+) 0x6000033eec00 (2) (*)
      [0](-) 0x6000033ee180 (26) (*)
  [0](-) 0x6000033ee180 (26) (*)

==> Total #BddNodes : 10
